<?xml version="1.0" encoding="UTF-8"?>
<Site BuildName="Win32-mingw32-make"
	BuildStamp="20240309-2016-Experimental"
	Name="LAPTOP-42E0D7RO"
	Generator="ctest-3.26.4"
	CompilerName="D:/mingw64/bin/g++.exe"
	CompilerVersion="13.1.0"
	OSName="Windows"
	Hostname="LAPTOP-42E0D7RO"
	OSRelease=" Personal"
	OSVersion=" (Build 9200)"
	OSPlatform="AMD64"
	Is64Bits="1"
	VendorString=""
	VendorID="Unknown Manufacturer"
	FamilyID="0"
	ModelID="0"
	ProcessorCacheSize="0"
	NumberOfLogicalCPU="16"
	NumberOfPhysicalCPU="8"
	TotalVirtualMemory="30017"
	TotalPhysicalMemory="15630"
	LogicalProcessorsPerPhysical="2"
	ProcessorClockFrequency="3194"
	>
	<Testing>
		<StartDateTime>Mar 09 15:16 Eastern Standard Time</StartDateTime>
		<StartTestTime>1710015372</StartTestTime>
		<TestList/>
		<EndDateTime>Mar 09 15:16 Eastern Standard Time</EndDateTime>
		<EndTestTime>1710015372</EndTestTime>
		<ElapsedMinutes>0</ElapsedMinutes>
	</Testing>
</Site>
