<?xml version="1.0" encoding="UTF-8"?>
<Site BuildName="Win32-mingw32-make"
	BuildStamp="20240302-0054-Experimental"
	Name="LAPTOP-42E0D7RO"
	Generator="ctest-3.26.4"
	CompilerName="D:/mingw64/bin/g++.exe"
	CompilerVersion="13.1.0"
	OSName="Windows"
	Hostname="LAPTOP-42E0D7RO"
	OSRelease=" Personal"
	OSVersion=" (Build 9200)"
	OSPlatform="AMD64"
	Is64Bits="1"
	VendorString=""
	VendorID="Unknown Manufacturer"
	FamilyID="0"
	ModelID="0"
	ProcessorCacheSize="0"
	NumberOfLogicalCPU="16"
	NumberOfPhysicalCPU="8"
	TotalVirtualMemory="26894"
	TotalPhysicalMemory="15630"
	LogicalProcessorsPerPhysical="2"
	ProcessorClockFrequency="3194"
	>
	<Testing>
		<StartDateTime>Mar 02 16:45 Eastern Standard Time</StartDateTime>
		<StartTestTime>1709415952</StartTestTime>
		<TestList/>
		<EndDateTime>Mar 02 16:45 Eastern Standard Time</EndDateTime>
		<EndTestTime>1709415952</EndTestTime>
		<ElapsedMinutes>0</ElapsedMinutes>
	</Testing>
</Site>
